<?xml version="1.0" encoding="UTF-8"?>
<!-- Generated by org.testng.reporters.JUnitXMLReporter -->
<testsuite ignored="0" hostname="Lenovo-PC" failures="0" tests="3" name="Nopackage" time="60.905" errors="0" timestamp="05 Aug 2021 14:32:02 GMT">
  <testcase classname="com.hrms.testscript.TC0002" name="tc0002" time="19.02"/>
  <testcase classname="com.hrms.testscript.TC0003" name="tc0003" time="29.133"/>
  <testcase classname="com.hrms.testscript.TC001" name="tc001" time="12.715"/>
</testsuite> <!-- Nopackage -->
