<?xml version="1.0" encoding="UTF-8"?>
<testng-results ignored="0" total="3" passed="3" failed="0" skipped="0">
  <reporter-output>
    <line>
      <![CDATA[Application Opened]]>
    </line>
    <line>
      <![CDATA[Application Opened]]>
    </line>
    <line>
      <![CDATA[Application Opened]]>
    </line>
  </reporter-output>
  <suite started-at="2021-08-05T14:31:01Z" name="Suite1" finished-at="2021-08-05T14:32:02Z" duration-ms="60905">
    <groups>
    </groups>
    <test started-at="2021-08-05T14:31:01Z" name="Nopackage" finished-at="2021-08-05T14:32:02Z" duration-ms="60905">
      <class name="com.hrms.testscript.TC001">
        <test-method signature="tc001()[pri:0, instance:com.hrms.testscript.TC001@5bfbf16f]" started-at="2021-08-05T14:31:49Z" name="tc001" finished-at="2021-08-05T14:32:02Z" duration-ms="12715" status="PASS">
          <reporter-output>
            <line>
              <![CDATA[Application Opened]]>
            </line>
          </reporter-output>
        </test-method> <!-- tc001 -->
      </class> <!-- com.hrms.testscript.TC001 -->
      <class name="com.hrms.testscript.TC0003">
        <test-method signature="tc0003()[pri:0, instance:com.hrms.testscript.TC0003@59906517]" started-at="2021-08-05T14:31:20Z" name="tc0003" finished-at="2021-08-05T14:31:49Z" duration-ms="29133" status="PASS">
          <reporter-output>
            <line>
              <![CDATA[Application Opened]]>
            </line>
          </reporter-output>
        </test-method> <!-- tc0003 -->
      </class> <!-- com.hrms.testscript.TC0003 -->
      <class name="com.hrms.testscript.TC0002">
        <test-method signature="tc0002()[pri:0, instance:com.hrms.testscript.TC0002@cb51256]" started-at="2021-08-05T14:31:01Z" name="tc0002" finished-at="2021-08-05T14:31:20Z" duration-ms="19020" status="PASS">
          <reporter-output>
            <line>
              <![CDATA[Application Opened]]>
            </line>
          </reporter-output>
        </test-method> <!-- tc0002 -->
      </class> <!-- com.hrms.testscript.TC0002 -->
    </test> <!-- Nopackage -->
  </suite> <!-- Suite1 -->
</testng-results>
